c:\users\reezli\source\repos\apex-legends-reezli\apex-legends-reezli\x64\release\vc142.pdb
c:\users\reezli\source\repos\apex-legends-reezli\apex-legends-reezli\x64\release\imgui_widgets.obj
c:\users\reezli\source\repos\apex-legends-reezli\apex-legends-reezli\x64\release\imgui_draw.obj
c:\users\reezli\source\repos\apex-legends-reezli\apex-legends-reezli\x64\release\memory.obj
c:\users\reezli\source\repos\apex-legends-reezli\apex-legends-reezli\x64\release\entry.obj
c:\users\reezli\source\repos\apex-legends-reezli\apex-legends-reezli\x64\release\offsets.obj
c:\users\reezli\source\repos\apex-legends-reezli\apex-legends-reezli\x64\release\imgui_tables.obj
c:\users\reezli\source\repos\apex-legends-reezli\apex-legends-reezli\x64\release\imgui_impl_win32.obj
c:\users\reezli\source\repos\apex-legends-reezli\apex-legends-reezli\x64\release\imgui_impl_dx9.obj
c:\users\reezli\source\repos\apex-legends-reezli\apex-legends-reezli\x64\release\imgui.obj
c:\users\reezli\source\repos\apex-legends-reezli\apex-legends-reezli\x64\release\vdm_ctx.obj
c:\users\reezli\source\repos\apex-legends-reezli\apex-legends-reezli\x64\release\drv_image.obj
c:\users\reezli\source\repos\apex-legends-reezli\apex-legends-reezli\x64\release\sdk.obj
c:\users\reezli\source\repos\apex-legends-reezli\apex-legends-reezli\x64\release\apex-external.obj
c:\users\reezli\source\repos\apex-legends-reezli\apex-legends-reezli\x64\release\esp.obj
c:\users\reezli\source\repos\apex-legends-reezli\apex-legends-reezli\x64\release\overlay.obj
c:\users\reezli\source\repos\apex-legends-reezli\apex-legends-reezli\x64\release\misc.obj
c:\users\reezli\source\repos\apex-legends-reezli\x64\release\apex-legends-reezli.exe
c:\users\reezli\source\repos\apex-legends-reezli\apex-legends-reezli\x64\release\apex-legends-reezli.ipdb
c:\users\reezli\source\repos\apex-legends-reezli\x64\release\apex-legends-reezli.pdb
c:\users\reezli\source\repos\apex-legends-reezli\apex-legends-reezli\x64\release\apex-legends-reezli.iobj
c:\users\reezli\source\repos\apex-legends-reezli\apex-legends-reezli\x64\release\apex-leg.838e2c70.tlog\cl.command.1.tlog
c:\users\reezli\source\repos\apex-legends-reezli\apex-legends-reezli\x64\release\apex-leg.838e2c70.tlog\cl.read.1.tlog
c:\users\reezli\source\repos\apex-legends-reezli\apex-legends-reezli\x64\release\apex-leg.838e2c70.tlog\cl.write.1.tlog
c:\users\reezli\source\repos\apex-legends-reezli\apex-legends-reezli\x64\release\apex-leg.838e2c70.tlog\link.command.1.tlog
c:\users\reezli\source\repos\apex-legends-reezli\apex-legends-reezli\x64\release\apex-leg.838e2c70.tlog\link.read.1.tlog
c:\users\reezli\source\repos\apex-legends-reezli\apex-legends-reezli\x64\release\apex-leg.838e2c70.tlog\link.write.1.tlog
